<?xml version="1.0" encoding="UTF-8"?>
<!-- Generated by org.testng.reporters.JUnitXMLReporter -->
<testsuite ignored="0" hostname="LAPTOP-3U3SCVT2" failures="1" tests="1" name=" BookPendConfirmTest" time="11.878" errors="0" timestamp="2023-02-11T01:41:07 IST">
  <testcase classname="com.phptravels.supplierscripts.BookPendConfirmTest" name="dashboard" time="3.84">
    <failure type="java.lang.AssertionError" message="expected [true] but found [false]">
      <![CDATA[java.lang.AssertionError: expected [true] but found [false]
at com.phptravels.supplierscripts.BookPendConfirmTest.dashboard(BookPendConfirmTest.java:30)
at java.base/java.util.ArrayList.forEach(ArrayList.java:1511)
... Removed 31 stack frames]]>
    </failure>
  </testcase> <!-- dashboard -->
</testsuite> <!--  BookPendConfirmTest -->
