<?xml version="1.0" encoding="UTF-8"?>
<!-- Generated by org.testng.reporters.JUnitXMLReporter -->
<testsuite ignored="0" hostname="LAPTOP-3U3SCVT2" failures="1" tests="1" name="Admin  success Invoice Test" time="15.713" errors="0" timestamp="2023-02-11T01:42:07 IST">
  <testcase classname="com.phptravels.adminscripts.InvoiceSuccessTest" name="bookInvoice" time="8.611">
    <failure type="java.lang.AssertionError" message="expected [true] but found [false]">
      <![CDATA[java.lang.AssertionError: expected [true] but found [false]
at com.phptravels.adminscripts.InvoiceSuccessTest.bookInvoice(InvoiceSuccessTest.java:26)
at java.base/java.util.ArrayList.forEach(ArrayList.java:1511)
... Removed 31 stack frames]]>
    </failure>
  </testcase> <!-- bookInvoice -->
</testsuite> <!-- Admin  success Invoice Test -->
