<?xml version="1.0" encoding="UTF-8"?>
<!-- Generated by org.testng.reporters.JUnitXMLReporter -->
<testsuite ignored="0" hostname="LAPTOP-3U3SCVT2" failures="0" tests="5" name="Admin Login Test" time="0.034" errors="0" timestamp="2023-02-11T01:48:43 IST">
  <testcase classname="com.phptravels.adminscripts.AdminLoginTest" name="@BeforeMethod loginObject" time="0.009">
    <failure type="org.openqa.selenium.NoSuchWindowException" message="no such window: target window already closed
from unknown error: web view not found
  (Session info: chrome=110.0.5481.77)
Build info: version: &amp;apos;4.7.2&amp;apos;, revision: &amp;apos;4d4020c3b7&amp;apos;
System info: os.name: &amp;apos;Windows 11&amp;apos;, os.arch: &amp;apos;amd64&amp;apos;, os.version: &amp;apos;10.0&amp;apos;, java.version: &amp;apos;17.0.4&amp;apos;
Driver info: org.openqa.selenium.chrome.ChromeDriver
Command: [857b5e163f2651b2dd23ff9ada5e1f1b, get {url=https://www.phptravels.net/admin}]
Capabilities {acceptInsecureCerts: false, browserName: chrome, browserVersion: 110.0.5481.77, chrome: {chromedriverVersion: 110.0.5481.77 (65ed616c6e8e..., userDataDir: C:\Users\sonia\AppData\Loca...}, goog:chromeOptions: {debuggerAddress: localhost:8004}, networkConnectionEnabled: false, pageLoadStrategy: normal, platformName: WINDOWS, proxy: Proxy(), se:cdp: ws://localhost:8004/devtool..., se:cdpVersion: 110.0.5481.77, setWindowRect: true, strictFileInteractability: false, timeouts: {implicit: 0, pageLoad: 300000, script: 30000}, unhandledPromptBehavior: dismiss and notify, webauthn:extension:credBlob: true, webauthn:extension:largeBlob: true, webauthn:virtualAuthenticators: true}
Session ID: 857b5e163f2651b2dd23ff9ada5e1f1b">
      <![CDATA[org.openqa.selenium.NoSuchWindowException: no such window: target window already closed
from unknown error: web view not found
  (Session info: chrome=110.0.5481.77)
Build info: version: '4.7.2', revision: '4d4020c3b7'
System info: os.name: 'Windows 11', os.arch: 'amd64', os.version: '10.0', java.version: '17.0.4'
Driver info: org.openqa.selenium.chrome.ChromeDriver
Command: [857b5e163f2651b2dd23ff9ada5e1f1b, get {url=https://www.phptravels.net/admin}]
Capabilities {acceptInsecureCerts: false, browserName: chrome, browserVersion: 110.0.5481.77, chrome: {chromedriverVersion: 110.0.5481.77 (65ed616c6e8e..., userDataDir: C:\Users\sonia\AppData\Loca...}, goog:chromeOptions: {debuggerAddress: localhost:8004}, networkConnectionEnabled: false, pageLoadStrategy: normal, platformName: WINDOWS, proxy: Proxy(), se:cdp: ws://localhost:8004/devtool..., se:cdpVersion: 110.0.5481.77, setWindowRect: true, strictFileInteractability: false, timeouts: {implicit: 0, pageLoad: 300000, script: 30000}, unhandledPromptBehavior: dismiss and notify, webauthn:extension:credBlob: true, webauthn:extension:largeBlob: true, webauthn:virtualAuthenticators: true}
Session ID: 857b5e163f2651b2dd23ff9ada5e1f1b
at org.openqa.selenium.remote.codec.w3c.W3CHttpResponseCodec.createException(W3CHttpResponseCodec.java:200)
at org.openqa.selenium.remote.codec.w3c.W3CHttpResponseCodec.decode(W3CHttpResponseCodec.java:133)
at org.openqa.selenium.remote.codec.w3c.W3CHttpResponseCodec.decode(W3CHttpResponseCodec.java:53)
at org.openqa.selenium.remote.HttpCommandExecutor.execute(HttpCommandExecutor.java:184)
at org.openqa.selenium.remote.service.DriverCommandExecutor.invokeExecute(DriverCommandExecutor.java:167)
at org.openqa.selenium.remote.service.DriverCommandExecutor.execute(DriverCommandExecutor.java:142)
at org.openqa.selenium.remote.RemoteWebDriver.execute(RemoteWebDriver.java:535)
at org.openqa.selenium.remote.RemoteWebDriver.get(RemoteWebDriver.java:296)
at com.phptravels.base.BaseTest.adminUrl(BaseTest.java:55)
at com.phptravels.adminpages.AdminLoginPage.<init>(AdminLoginPage.java:21)
at com.phptravels.adminscripts.AdminLoginTest.loginObject(AdminLoginTest.java:26)
at java.base/java.util.ArrayList.forEach(ArrayList.java:1511)
... Removed 36 stack frames]]>
    </failure>
  </testcase> <!-- @BeforeMethod loginObject -->
  <testcase classname="com.phptravels.adminscripts.AdminLoginTest" name="@BeforeMethod loginObject" time="-1.676060323084E9">
    <skipped/>
  </testcase> <!-- @BeforeMethod loginObject -->
  <testcase classname="com.phptravels.adminscripts.AdminLoginTest" name="@BeforeMethod loginObject" time="-1.676060323088E9">
    <skipped/>
  </testcase> <!-- @BeforeMethod loginObject -->
  <testcase classname="com.phptravels.adminscripts.AdminLoginTest" name="@BeforeMethod loginObject" time="-1.676060323093E9">
    <skipped/>
  </testcase> <!-- @BeforeMethod loginObject -->
  <testcase classname="com.phptravels.adminscripts.AdminLoginTest" name="@BeforeMethod loginObject" time="-1.676060323098E9">
    <skipped/>
  </testcase> <!-- @BeforeMethod loginObject -->
  <testcase classname="com.phptravels.adminscripts.AdminLoginTest" name="verifyInvalidLogin2" time="0.0">
    <skipped/>
  </testcase> <!-- verifyInvalidLogin2 -->
  <testcase classname="com.phptravels.adminscripts.AdminLoginTest" name="verifyInvalidLogin2" time="0.0">
    <skipped/>
  </testcase> <!-- verifyInvalidLogin2 -->
  <testcase classname="com.phptravels.adminscripts.AdminLoginTest" name="verifyInvalidLogin2" time="0.0">
    <skipped/>
  </testcase> <!-- verifyInvalidLogin2 -->
  <testcase classname="com.phptravels.adminscripts.AdminLoginTest" name="verifyInvalidLogin2" time="0.0">
    <skipped/>
  </testcase> <!-- verifyInvalidLogin2 -->
  <testcase classname="com.phptravels.adminscripts.AdminLoginTest" name="verifyValidLogin" time="0.0">
    <skipped/>
  </testcase> <!-- verifyValidLogin -->
</testsuite> <!-- Admin Login Test -->
