<?xml version="1.0" encoding="UTF-8"?>
<!-- Generated by org.testng.reporters.JUnitXMLReporter -->
<testsuite ignored="0" hostname="LAPTOP-3U3SCVT2" failures="0" tests="5" name="Test" time="0.035" errors="0" timestamp="2023-02-09T01:02:53 IST">
  <testcase classname="com.phptravels.agentscripts.AgentLoginTest" name="@BeforeMethod loginObject" time="0.007">
    <failure type="org.openqa.selenium.NoSuchWindowException" message="no such window: target window already closed
from unknown error: web view not found
  (Session info: chrome=109.0.5414.120)
Build info: version: &amp;apos;4.7.2&amp;apos;, revision: &amp;apos;4d4020c3b7&amp;apos;
System info: os.name: &amp;apos;Windows 11&amp;apos;, os.arch: &amp;apos;amd64&amp;apos;, os.version: &amp;apos;10.0&amp;apos;, java.version: &amp;apos;17.0.4&amp;apos;
Driver info: org.openqa.selenium.chrome.ChromeDriver
Command: [d60532f2e81641e67684ddcfb0c6333b, get {url=https://www.phptravels.net/login}]
Capabilities {acceptInsecureCerts: false, browserName: chrome, browserVersion: 109.0.5414.120, chrome: {chromedriverVersion: 109.0.5414.74 (e7c5703604da..., userDataDir: C:\Users\sonia\AppData\Loca...}, goog:chromeOptions: {debuggerAddress: localhost:9913}, networkConnectionEnabled: false, pageLoadStrategy: normal, platformName: WINDOWS, proxy: Proxy(), se:cdp: ws://localhost:9913/devtool..., se:cdpVersion: 109.0.5414.120, setWindowRect: true, strictFileInteractability: false, timeouts: {implicit: 0, pageLoad: 300000, script: 30000}, unhandledPromptBehavior: dismiss and notify, webauthn:extension:credBlob: true, webauthn:extension:largeBlob: true, webauthn:virtualAuthenticators: true}
Session ID: d60532f2e81641e67684ddcfb0c6333b">
      <![CDATA[org.openqa.selenium.NoSuchWindowException: no such window: target window already closed
from unknown error: web view not found
  (Session info: chrome=109.0.5414.120)
Build info: version: '4.7.2', revision: '4d4020c3b7'
System info: os.name: 'Windows 11', os.arch: 'amd64', os.version: '10.0', java.version: '17.0.4'
Driver info: org.openqa.selenium.chrome.ChromeDriver
Command: [d60532f2e81641e67684ddcfb0c6333b, get {url=https://www.phptravels.net/login}]
Capabilities {acceptInsecureCerts: false, browserName: chrome, browserVersion: 109.0.5414.120, chrome: {chromedriverVersion: 109.0.5414.74 (e7c5703604da..., userDataDir: C:\Users\sonia\AppData\Loca...}, goog:chromeOptions: {debuggerAddress: localhost:9913}, networkConnectionEnabled: false, pageLoadStrategy: normal, platformName: WINDOWS, proxy: Proxy(), se:cdp: ws://localhost:9913/devtool..., se:cdpVersion: 109.0.5414.120, setWindowRect: true, strictFileInteractability: false, timeouts: {implicit: 0, pageLoad: 300000, script: 30000}, unhandledPromptBehavior: dismiss and notify, webauthn:extension:credBlob: true, webauthn:extension:largeBlob: true, webauthn:virtualAuthenticators: true}
Session ID: d60532f2e81641e67684ddcfb0c6333b
at org.openqa.selenium.remote.codec.w3c.W3CHttpResponseCodec.createException(W3CHttpResponseCodec.java:200)
at org.openqa.selenium.remote.codec.w3c.W3CHttpResponseCodec.decode(W3CHttpResponseCodec.java:133)
at org.openqa.selenium.remote.codec.w3c.W3CHttpResponseCodec.decode(W3CHttpResponseCodec.java:53)
at org.openqa.selenium.remote.HttpCommandExecutor.execute(HttpCommandExecutor.java:184)
at org.openqa.selenium.remote.service.DriverCommandExecutor.invokeExecute(DriverCommandExecutor.java:167)
at org.openqa.selenium.remote.service.DriverCommandExecutor.execute(DriverCommandExecutor.java:142)
at org.openqa.selenium.remote.RemoteWebDriver.execute(RemoteWebDriver.java:535)
at org.openqa.selenium.remote.RemoteWebDriver.get(RemoteWebDriver.java:296)
at com.phptravels.base.BaseTest.CustomerAgentUrl(BaseTest.java:50)
at com.phptravels.agentpages.AgentLoginPage.<init>(AgentLoginPage.java:34)
at com.phptravels.agentscripts.AgentLoginTest.loginObject(AgentLoginTest.java:26)
at java.base/java.util.ArrayList.forEach(ArrayList.java:1511)
... Removed 36 stack frames]]>
    </failure>
  </testcase> <!-- @BeforeMethod loginObject -->
  <testcase classname="com.phptravels.agentscripts.AgentLoginTest" name="@BeforeMethod loginObject" time="-1.675884773891E9">
    <skipped/>
  </testcase> <!-- @BeforeMethod loginObject -->
  <testcase classname="com.phptravels.agentscripts.AgentLoginTest" name="@BeforeMethod loginObject" time="-1.675884773895E9">
    <skipped/>
  </testcase> <!-- @BeforeMethod loginObject -->
  <testcase classname="com.phptravels.agentscripts.AgentLoginTest" name="@BeforeMethod loginObject" time="-1.6758847739E9">
    <skipped/>
  </testcase> <!-- @BeforeMethod loginObject -->
  <testcase classname="com.phptravels.agentscripts.AgentLoginTest" name="@BeforeMethod loginObject" time="-1.675884773906E9">
    <skipped/>
  </testcase> <!-- @BeforeMethod loginObject -->
  <testcase classname="com.phptravels.agentscripts.AgentLoginTest" name="verifyInvalidLogin2" time="0.0">
    <skipped/>
  </testcase> <!-- verifyInvalidLogin2 -->
  <testcase classname="com.phptravels.agentscripts.AgentLoginTest" name="verifyInvalidLogin2" time="0.0">
    <skipped/>
  </testcase> <!-- verifyInvalidLogin2 -->
  <testcase classname="com.phptravels.agentscripts.AgentLoginTest" name="verifyInvalidLogin2" time="0.0">
    <skipped/>
  </testcase> <!-- verifyInvalidLogin2 -->
  <testcase classname="com.phptravels.agentscripts.AgentLoginTest" name="verifyInvalidLogin2" time="0.0">
    <skipped/>
  </testcase> <!-- verifyInvalidLogin2 -->
  <testcase classname="com.phptravels.agentscripts.AgentLoginTest" name="verifyValidLogin" time="0.0">
    <skipped/>
  </testcase> <!-- verifyValidLogin -->
</testsuite> <!-- Test -->
